yielding class user: k2bf
generating password for: k2bf 219 STE
writing to script: "Klasse:  k2bf, Passwort: k2bf\,219\_STE\^
yielding: 3AFI 356 HIT
yielding class user: k3afi
generating password for: k3afi 356 HIT
writing to script: "Klasse:  k3afi, Passwort: k3afi\!356\.HIT\,
yielding: 3BFN 277 BAA
yielding class user: k3bfn
generating password for: k3bfn 277 BAA
writing to script: "Klasse:  k3bfn, Passwort: k3bfn\%277\_BAA\-
yielding: 4AFI 275/279 OPP
yielding class user: k4afi
generating password for: k4afi 275/279 OPP
writing to script: "Klasse:  k4afi, Passwort: k4afi\^275/279\-OPP\%
yielding: 4BFN 217 CER
yielding class user: k4bfn
generating password for: k4bfn 217 CER
writing to script: "Klasse:  k4bfn, Passwort: k4bfn\(217\%CER\!
yielding: 1AI 254 KLE
yielding class user: k1ai
generating password for: k1ai 254 KLE
writing to script: "Klasse:  k1ai, Passwort: k1ai\(254\-KLE\!
yielding: 1BI 371 HOL
yielding class user: k1bi
generating password for: k1bi 371 HOL
writing to script: "Klasse:  k1bi, Passwort: k1bi\&371\#HOL\-
yielding: 1CI 265 JAV
yielding class user: k1ci
generating password for: k1ci 265 JAV
writing to script: "Klasse:  k1ci, Passwort: k1ci\#265\_JAV\^
yielding: 2AI 378 BAY
yielding class user: k2ai
generating password for: k2ai 378 BAY
writing to script: "Klasse:  k2ai, Passwort: k2ai\,378\^BAY\#
yielding: 2BI 363 KUS
yielding class user: k2bi
generating password for: k2bi 363 KUS
writing to script: "Klasse:  k2bi, Passwort: k2bi\)363\%KUS\^
yielding: 2CI 271 NIC
yielding class user: k2ci
generating password for: k2ci 271 NIC
writing to script: "Klasse:  k2ci, Passwort: k2ci\_271\_NIC\#
yielding: 3AI 260 BUC
yielding class user: k3ai
generating password for: k3ai 260 BUC
writing to script: "Klasse:  k3ai, Passwort: k3ai\%260\)BUC\=
yielding: 3BI 360 BSB
yielding class user: k3bi
generating password for: k3bi 360 BSB
writing to script: "Klasse:  k3bi, Passwort: k3bi\^360\=BSB\%
yielding: 3CI 225 BRE
yielding class user: k3ci
generating password for: k3ci 225 BRE
writing to script: "Klasse:  k3ci, Passwort: k3ci\,225\.BRE\%
yielding: 4AI 261 DAZ
yielding class user: k4ai
generating password for: k4ai 261 DAZ
writing to script: "Klasse:  k4ai, Passwort: k4ai\,261\.DAZ\^
yielding: 4BI 257 OLI
yielding class user: k4bi
generating password for: k4bi 257 OLI
writing to script: "Klasse:  k4bi, Passwort: k4bi\!257\!OLI\-
yielding: 4CN 276 SDO
yielding class user: k4cn
generating password for: k4cn 276 SDO
writing to script: "Klasse:  k4cn, Passwort: k4cn\=276\.SDO\!
yielding: 5AX 278 FIN
yielding class user: k5ax
generating password for: k5ax 278 FIN
writing to script: "Klasse:  k5ax, Passwort: k5ax\=278\.FIN\-
yielding: 5BI 256 NUS
yielding class user: k5bi
generating password for: k5bi 256 NUS
writing to script: "Klasse:  k5bi, Passwort: k5bi\,256\=NUS\)
yielding: 5CN 259 SLT
yielding class user: k5cn
generating password for: k5cn 259 SLT
writing to script: "Klasse:  k5cn, Passwort: k5cn\%259\!SLT\%
yielding: 1AO 217 KIT
yielding class user: k1ao
generating password for: k1ao 217 KIT
writing to script: "Klasse:  k1ao, Passwort: k1ao\,217\,KIT\#
writing additional users
writing additional users
